<?xml version='1.0'?>
<ns2:test-suite xmlns:ns2='urn:model.allure.qatools.yandex.ru' start='1584607896998' stop='1584608053654'>
    <name>Verify Login</name>
    <title>Verify Login</title>
    <test-cases>
        <test-case start='1584607896999' status='failed' stop='1584607936487'>
            <name>should login the user</name>
            <title>should login the user</title>
            <labels/>
            <parameters/>
            <steps/>
            <attachments>
                <attachment title='Screenshot' source='e5d1cc86-4636-47d5-bc39-72433610c36b-attachment.png' type='image/png' size='24293'/>
            </attachments>
            <failure>
                <message>Error: Timeout - Async callback was not invoked within timeout specified by jasmine.DEFAULT_TIMEOUT_INTERVAL.</message>
                <stack-trace>Error: Timeout - Async callback was not invoked within timeout specified by jasmine.DEFAULT_TIMEOUT_INTERVAL.
                    at Timeout._onTimeout (C:\Users\NareshS\AppData\Roaming\npm\node_modules\protractor\node_modules\jasmine-core\lib\jasmine-core\jasmine.js:4281:23)
                    at listOnTimeout (internal/timers.js:531:17)
                    at processTimers (internal/timers.js:475:7)</stack-trace>
            </failure>
        </test-case>
        <test-case start='1584607936488' status='passed' stop='1584607938773'>
            <name>Verify Mars  written on Image on Login Page</name>
            <title>Verify Mars  written on Image on Login Page</title>
            <labels/>
            <parameters/>
            <steps/>
            <attachments>
                <attachment title='Screenshot' source='125b53ab-44bf-4da0-a5f4-858c6beb43ef-attachment.png' type='image/png' size='28489'/>
            </attachments>
        </test-case>
        <test-case start='1584607938773' status='passed' stop='1584607939159'>
            <name>Verify Welcome Message on Login Page</name>
            <title>Verify Welcome Message on Login Page</title>
            <labels/>
            <parameters/>
            <steps/>
            <attachments>
                <attachment title='Screenshot' source='17de88db-a220-4406-bfe0-05b6a7e2591a-attachment.png' type='image/png' size='28512'/>
            </attachments>
        </test-case>
        <test-case start='1584607939159' status='passed' stop='1584607939574'>
            <name>Forgot password link present on the Login page</name>
            <title>Forgot password link present on the Login page</title>
            <labels/>
            <parameters/>
            <steps/>
            <attachments>
                <attachment title='Screenshot' source='af9d5cd8-b55b-47c2-a8f8-0fa93e82276f-attachment.png' type='image/png' size='28489'/>
            </attachments>
        </test-case>
        <test-case start='1584607939575' status='passed' stop='1584607939963'>
            <name>Forgot Customer Number link the Login page</name>
            <title>Forgot Customer Number link the Login page</title>
            <labels/>
            <parameters/>
            <steps/>
            <attachments>
                <attachment title='Screenshot' source='a4ae828b-2f70-4aa1-aa52-b29140fb4314-attachment.png' type='image/png' size='28512'/>
            </attachments>
        </test-case>
        <test-case start='1584607939963' status='passed' stop='1584607940346'>
            <name>Verify Username labeling is preseet</name>
            <title>Verify Username labeling is preseet</title>
            <labels/>
            <parameters/>
            <steps/>
            <attachments>
                <attachment title='Screenshot' source='c6b0e11f-84f6-4124-8972-278187a5af41-attachment.png' type='image/png' size='28512'/>
            </attachments>
        </test-case>
        <test-case start='1584607940346' status='passed' stop='1584607940744'>
            <name>Verify password label is present</name>
            <title>Verify password label is present</title>
            <labels/>
            <parameters/>
            <steps/>
            <attachments>
                <attachment title='Screenshot' source='9506e0b5-3d47-4fa4-8289-ac6e8010a025-attachment.png' type='image/png' size='28489'/>
            </attachments>
        </test-case>
        <test-case start='1584607940744' status='passed' stop='1584607941149'>
            <name>Verify Remember Me check box</name>
            <title>Verify Remember Me check box</title>
            <labels/>
            <parameters/>
            <steps/>
            <attachments>
                <attachment title='Screenshot' source='5313e75b-399f-40ee-a30c-63cecaaf7a86-attachment.png' type='image/png' size='28512'/>
            </attachments>
        </test-case>
        <test-case start='1584607941149' status='passed' stop='1584607941527'>
            <name>verify the title of the Page</name>
            <title>verify the title of the Page</title>
            <labels/>
            <parameters/>
            <steps/>
            <attachments>
                <attachment title='Screenshot' source='e91e8856-7358-4869-bde7-2b6610dc1f1f-attachment.png' type='image/png' size='28512'/>
            </attachments>
        </test-case>
        <test-case start='1584607941527' status='passed' stop='1584607941895'>
            <name>veriy all links present on page</name>
            <title>veriy all links present on page</title>
            <labels/>
            <parameters/>
            <steps/>
            <attachments>
                <attachment title='Screenshot' source='a9b5e48f-247f-4b59-b06c-aa9129574752-attachment.png' type='image/png' size='28489'/>
            </attachments>
        </test-case>
        <test-case start='1584607941895' status='failed' stop='1584608053618'>
            <name>User Login successfully </name>
            <title>User Login successfully </title>
            <labels/>
            <parameters/>
            <steps/>
            <attachments/>
            <failure>
                <message>Error: Timeout - Async callback was not invoked within timeout specified by jasmine.DEFAULT_TIMEOUT_INTERVAL.</message>
                <stack-trace>Error: Timeout - Async callback was not invoked within timeout specified by jasmine.DEFAULT_TIMEOUT_INTERVAL.
                    at Timeout._onTimeout (C:\Users\NareshS\AppData\Roaming\npm\node_modules\protractor\node_modules\jasmine-core\lib\jasmine-core\jasmine.js:4281:23)
                    at listOnTimeout (internal/timers.js:531:17)
                    at processTimers (internal/timers.js:475:7)</stack-trace>
            </failure>
        </test-case>
    </test-cases>
</ns2:test-suite>