<?xml version='1.0'?>
<ns2:test-suite xmlns:ns2='urn:model.allure.qatools.yandex.ru' start='1585388806011' stop='1585388806013'>
    <name>Add Item to cart by  Quick Add and verify contents present on page  Verify Contens/Text </name>
    <title>Add Item to cart by  Quick Add and verify contents present on page  Verify Contens/Text </title>
    <test-cases>
        <test-case start='1585388806011' status='pending' stop='1585388806012'>
            <name>verify Remove Item text on Add To Cart screen</name>
            <title>verify Remove Item text on Add To Cart screen</title>
            <labels/>
            <parameters/>
            <steps/>
            <attachments/>
            <failure>
                <message>This test was ignored</message>
                <stack-trace></stack-trace>
            </failure>
        </test-case>
        <test-case start='1585388806012' status='pending' stop='1585388806012'>
            <name>verify Qty text on checkout screen</name>
            <title>verify Qty text on checkout screen</title>
            <labels/>
            <parameters/>
            <steps/>
            <attachments/>
            <failure>
                <message>This test was ignored</message>
                <stack-trace></stack-trace>
            </failure>
        </test-case>
        <test-case start='1585388806013' status='pending' stop='1585388806013'>
            <name>Verify total item text  present in cart</name>
            <title>Verify total item text  present in cart</title>
            <labels/>
            <parameters/>
            <steps/>
            <attachments/>
            <failure>
                <message>This test was ignored</message>
                <stack-trace></stack-trace>
            </failure>
        </test-case>
        <test-case start='1585388806013' status='pending' stop='1585388806013'>
            <name>verify presence of continue shopping button</name>
            <title>verify presence of continue shopping button</title>
            <labels/>
            <parameters/>
            <steps/>
            <attachments/>
            <failure>
                <message>This test was ignored</message>
                <stack-trace></stack-trace>
            </failure>
        </test-case>
        <test-case start='1585388806013' status='pending' stop='1585388806013'>
            <name>verify presence of Cancel Order button</name>
            <title>verify presence of Cancel Order button</title>
            <labels/>
            <parameters/>
            <steps/>
            <attachments/>
            <failure>
                <message>This test was ignored</message>
                <stack-trace></stack-trace>
            </failure>
        </test-case>
        <test-case start='1585388806013' status='pending' stop='1585388806013'>
            <name> Verify presence of clear cart button</name>
            <title> Verify presence of clear cart button</title>
            <labels/>
            <parameters/>
            <steps/>
            <attachments/>
            <failure>
                <message>This test was ignored</message>
                <stack-trace></stack-trace>
            </failure>
        </test-case>
    </test-cases>
</ns2:test-suite>