<?xml version='1.0'?>
<ns2:test-suite xmlns:ns2='urn:model.allure.qatools.yandex.ru' start='1585306410508' stop='1585306529387'>
    <name>Verify Login</name>
    <title>Verify Login</title>
    <test-cases>
        <test-case start='1585306410508' status='failed' stop='1585306447167'>
            <name>should login the user</name>
            <title>should login the user</title>
            <labels/>
            <parameters/>
            <steps/>
            <attachments>
                <attachment title='Screenshot' source='338ec131-c02d-40b9-af17-7a809fa051dc-attachment.png' type='image/png' size='34246'/>
            </attachments>
            <failure>
                <message>Error: Timeout - Async callback was not invoked within timeout specified by jasmine.DEFAULT_TIMEOUT_INTERVAL.</message>
                <stack-trace>Error: Timeout - Async callback was not invoked within timeout specified by jasmine.DEFAULT_TIMEOUT_INTERVAL.
                    at Timeout._onTimeout (C:\Users\NareshS\AppData\Roaming\npm\node_modules\protractor\node_modules\jasmine-core\lib\jasmine-core\jasmine.js:4281:23)
                    at listOnTimeout (internal/timers.js:531:17)
                    at processTimers (internal/timers.js:475:7)</stack-trace>
            </failure>
        </test-case>
        <test-case start='1585306447167' status='passed' stop='1585306447572'>
            <name>Verify Mars  written on Image on Login Page</name>
            <title>Verify Mars  written on Image on Login Page</title>
            <labels/>
            <parameters/>
            <steps/>
            <attachments>
                <attachment title='Screenshot' source='7f301fc6-9ccb-4da8-826b-0dcda338c1d5-attachment.png' type='image/png' size='32543'/>
            </attachments>
        </test-case>
        <test-case start='1585306447572' status='passed' stop='1585306448011'>
            <name>Verify Welcome Message on Login Page</name>
            <title>Verify Welcome Message on Login Page</title>
            <labels/>
            <parameters/>
            <steps/>
            <attachments>
                <attachment title='Screenshot' source='b78573b7-472e-43b8-bd6b-7c0b2aee56ac-attachment.png' type='image/png' size='32517'/>
            </attachments>
        </test-case>
        <test-case start='1585306448011' status='passed' stop='1585306448486'>
            <name>Forgot password link present on the Login page</name>
            <title>Forgot password link present on the Login page</title>
            <labels/>
            <parameters/>
            <steps/>
            <attachments>
                <attachment title='Screenshot' source='80fb6878-cdfb-47a9-93ba-04cdfb421313-attachment.png' type='image/png' size='32543'/>
            </attachments>
        </test-case>
        <test-case start='1585306448486' status='passed' stop='1585306448920'>
            <name>Forgot Customer Number link the Login page</name>
            <title>Forgot Customer Number link the Login page</title>
            <labels/>
            <parameters/>
            <steps/>
            <attachments>
                <attachment title='Screenshot' source='1fd084bb-ee36-4e86-bb43-dde6c2897090-attachment.png' type='image/png' size='32517'/>
            </attachments>
        </test-case>
        <test-case start='1585306448920' status='passed' stop='1585306449306'>
            <name>Verify Username labeling is preseet</name>
            <title>Verify Username labeling is preseet</title>
            <labels/>
            <parameters/>
            <steps/>
            <attachments>
                <attachment title='Screenshot' source='1ae5734d-a6c6-4bdf-b6bd-1bf3f2c8369c-attachment.png' type='image/png' size='32517'/>
            </attachments>
        </test-case>
        <test-case start='1585306449306' status='passed' stop='1585306449699'>
            <name>Verify password label is present</name>
            <title>Verify password label is present</title>
            <labels/>
            <parameters/>
            <steps/>
            <attachments>
                <attachment title='Screenshot' source='f749f739-e315-4164-a2a6-623c428a2579-attachment.png' type='image/png' size='32543'/>
            </attachments>
        </test-case>
        <test-case start='1585306449699' status='passed' stop='1585306450145'>
            <name>Verify Remember Me check box</name>
            <title>Verify Remember Me check box</title>
            <labels/>
            <parameters/>
            <steps/>
            <attachments>
                <attachment title='Screenshot' source='e5993525-bd93-49bd-97ef-274f2b87300d-attachment.png' type='image/png' size='32517'/>
            </attachments>
        </test-case>
        <test-case start='1585306450145' status='passed' stop='1585306450494'>
            <name>verify the title of the Page</name>
            <title>verify the title of the Page</title>
            <labels/>
            <parameters/>
            <steps/>
            <attachments>
                <attachment title='Screenshot' source='53b7d9b7-5c2c-4883-b995-42ab54279aef-attachment.png' type='image/png' size='32543'/>
            </attachments>
        </test-case>
        <test-case start='1585306450494' status='passed' stop='1585306450880'>
            <name>veriy all links present on page</name>
            <title>veriy all links present on page</title>
            <labels/>
            <parameters/>
            <steps/>
            <attachments>
                <attachment title='Screenshot' source='3163e183-113c-4891-bea5-7330367202ac-attachment.png' type='image/png' size='32543'/>
            </attachments>
        </test-case>
        <test-case start='1585306450880' status='failed' stop='1585306529387'>
            <name>User Login successfully </name>
            <title>User Login successfully </title>
            <labels/>
            <parameters/>
            <steps/>
            <attachments/>
            <failure>
                <message>Error: Timeout - Async callback was not invoked within timeout specified by jasmine.DEFAULT_TIMEOUT_INTERVAL.</message>
                <stack-trace>Error: Timeout - Async callback was not invoked within timeout specified by jasmine.DEFAULT_TIMEOUT_INTERVAL.
                    at Timeout._onTimeout (C:\Users\NareshS\AppData\Roaming\npm\node_modules\protractor\node_modules\jasmine-core\lib\jasmine-core\jasmine.js:4281:23)
                    at listOnTimeout (internal/timers.js:531:17)
                    at processTimers (internal/timers.js:475:7)</stack-trace>
            </failure>
        </test-case>
    </test-cases>
</ns2:test-suite>