<?xml version='1.0'?>
<ns2:test-suite xmlns:ns2='urn:model.allure.qatools.yandex.ru' start='1585309146197' stop='1585309450624'>
    <name>Verify Login</name>
    <title>Verify Login</title>
    <test-cases>
        <test-case start='1585309146198' status='failed' stop='1585309179897'>
            <name>should login the user</name>
            <title>should login the user</title>
            <labels/>
            <parameters/>
            <steps/>
            <attachments>
                <attachment title='Screenshot' source='232fff3d-5ad3-4a44-b996-b6e058e4547c-attachment.png' type='image/png' size='29497'/>
            </attachments>
            <failure>
                <message>Error: Timeout - Async callback was not invoked within timeout specified by jasmine.DEFAULT_TIMEOUT_INTERVAL.</message>
                <stack-trace>Error: Timeout - Async callback was not invoked within timeout specified by jasmine.DEFAULT_TIMEOUT_INTERVAL.
                    at Timeout._onTimeout (C:\Users\NareshS\AppData\Roaming\npm\node_modules\protractor\node_modules\jasmine-core\lib\jasmine-core\jasmine.js:4281:23)
                    at listOnTimeout (internal/timers.js:531:17)
                    at processTimers (internal/timers.js:475:7)</stack-trace>
            </failure>
        </test-case>
        <test-case start='1585309179897' status='passed' stop='1585309180313'>
            <name>Verify Mars  written on Image on Login Page</name>
            <title>Verify Mars  written on Image on Login Page</title>
            <labels/>
            <parameters/>
            <steps/>
            <attachments>
                <attachment title='Screenshot' source='1dc7b530-066a-46f4-9ed2-5c2566781b4d-attachment.png' type='image/png' size='28489'/>
            </attachments>
        </test-case>
        <test-case start='1585309180313' status='passed' stop='1585309180713'>
            <name>Verify Welcome Message on Login Page</name>
            <title>Verify Welcome Message on Login Page</title>
            <labels/>
            <parameters/>
            <steps/>
            <attachments>
                <attachment title='Screenshot' source='0a2029a5-3df5-44f6-b93d-e8e9c6989e12-attachment.png' type='image/png' size='28512'/>
            </attachments>
        </test-case>
        <test-case start='1585309180713' status='passed' stop='1585309181138'>
            <name>Forgot password link present on the Login page</name>
            <title>Forgot password link present on the Login page</title>
            <labels/>
            <parameters/>
            <steps/>
            <attachments>
                <attachment title='Screenshot' source='a2a398b8-58b0-490f-8810-679201699991-attachment.png' type='image/png' size='28489'/>
            </attachments>
        </test-case>
        <test-case start='1585309181138' status='passed' stop='1585309181545'>
            <name>Forgot Customer Number link the Login page</name>
            <title>Forgot Customer Number link the Login page</title>
            <labels/>
            <parameters/>
            <steps/>
            <attachments>
                <attachment title='Screenshot' source='e1ab523a-47e0-4a93-9ed2-9f94c7df9a04-attachment.png' type='image/png' size='28489'/>
            </attachments>
        </test-case>
        <test-case start='1585309181545' status='passed' stop='1585309181946'>
            <name>Verify Username labeling is preseet</name>
            <title>Verify Username labeling is preseet</title>
            <labels/>
            <parameters/>
            <steps/>
            <attachments>
                <attachment title='Screenshot' source='b88fa188-49c0-47f8-be2a-a94b99db2ccf-attachment.png' type='image/png' size='28512'/>
            </attachments>
        </test-case>
        <test-case start='1585309181946' status='passed' stop='1585309182356'>
            <name>Verify password label is present</name>
            <title>Verify password label is present</title>
            <labels/>
            <parameters/>
            <steps/>
            <attachments>
                <attachment title='Screenshot' source='43e25449-c15e-4d66-9ac9-dca582b8675c-attachment.png' type='image/png' size='28489'/>
            </attachments>
        </test-case>
        <test-case start='1585309182356' status='passed' stop='1585309182785'>
            <name>Verify Remember Me check box</name>
            <title>Verify Remember Me check box</title>
            <labels/>
            <parameters/>
            <steps/>
            <attachments>
                <attachment title='Screenshot' source='e272ff65-9f71-4e02-8fd8-87122432418c-attachment.png' type='image/png' size='28512'/>
            </attachments>
        </test-case>
        <test-case start='1585309182785' status='passed' stop='1585309183153'>
            <name>verify the title of the Page</name>
            <title>verify the title of the Page</title>
            <labels/>
            <parameters/>
            <steps/>
            <attachments>
                <attachment title='Screenshot' source='30266e0a-f055-4aa5-84b0-932e0f7c8bf0-attachment.png' type='image/png' size='28512'/>
            </attachments>
        </test-case>
        <test-case start='1585309183153' status='passed' stop='1585309183539'>
            <name>veriy all links present on page</name>
            <title>veriy all links present on page</title>
            <labels/>
            <parameters/>
            <steps/>
            <attachments>
                <attachment title='Screenshot' source='b68bb225-6e17-48e9-a0ae-3ebb30062670-attachment.png' type='image/png' size='28489'/>
            </attachments>
        </test-case>
        <test-case start='1585309183539' status='failed' stop='1585309450623'>
            <name>User Login successfully </name>
            <title>User Login successfully </title>
            <labels/>
            <parameters/>
            <steps/>
            <attachments>
                <attachment title='Screenshot' source='d14da96f-056f-4321-813c-127027ed8aef-attachment.png' type='image/png' size='196592'/>
            </attachments>
            <failure>
                <message>Error: Timeout - Async callback was not invoked within timeout specified by jasmine.DEFAULT_TIMEOUT_INTERVAL.</message>
                <stack-trace>Error: Timeout - Async callback was not invoked within timeout specified by jasmine.DEFAULT_TIMEOUT_INTERVAL.
                    at Timeout._onTimeout (C:\Users\NareshS\AppData\Roaming\npm\node_modules\protractor\node_modules\jasmine-core\lib\jasmine-core\jasmine.js:4281:23)
                    at listOnTimeout (internal/timers.js:531:17)
                    at processTimers (internal/timers.js:475:7)</stack-trace>
            </failure>
        </test-case>
    </test-cases>
</ns2:test-suite>