<?xml version='1.0'?>
<ns2:test-suite xmlns:ns2='urn:model.allure.qatools.yandex.ru' start='1585309014988' stop='1585309136313'>
    <name>Verify Login</name>
    <title>Verify Login</title>
    <test-cases>
        <test-case start='1585309014989' status='failed' stop='1585309056248'>
            <name>should login the user</name>
            <title>should login the user</title>
            <labels/>
            <parameters/>
            <steps/>
            <attachments>
                <attachment title='Screenshot' source='0b6b90ec-b992-4857-b7db-0cc0a89d4aa8-attachment.png' type='image/png' size='32517'/>
            </attachments>
            <failure>
                <message>Error: Timeout - Async callback was not invoked within timeout specified by jasmine.DEFAULT_TIMEOUT_INTERVAL.</message>
                <stack-trace>Error: Timeout - Async callback was not invoked within timeout specified by jasmine.DEFAULT_TIMEOUT_INTERVAL.
                    at Timeout._onTimeout (C:\Users\NareshS\AppData\Roaming\npm\node_modules\protractor\node_modules\jasmine-core\lib\jasmine-core\jasmine.js:4281:23)
                    at listOnTimeout (internal/timers.js:531:17)
                    at processTimers (internal/timers.js:475:7)</stack-trace>
            </failure>
        </test-case>
        <test-case start='1585309056248' status='passed' stop='1585309056655'>
            <name>Verify Mars  written on Image on Login Page</name>
            <title>Verify Mars  written on Image on Login Page</title>
            <labels/>
            <parameters/>
            <steps/>
            <attachments>
                <attachment title='Screenshot' source='43a730fe-3916-4ad5-a500-717b8472b021-attachment.png' type='image/png' size='32543'/>
            </attachments>
        </test-case>
        <test-case start='1585309056655' status='passed' stop='1585309057135'>
            <name>Verify Welcome Message on Login Page</name>
            <title>Verify Welcome Message on Login Page</title>
            <labels/>
            <parameters/>
            <steps/>
            <attachments>
                <attachment title='Screenshot' source='4143bb73-17d3-4c18-9184-0a17ee6cff67-attachment.png' type='image/png' size='32517'/>
            </attachments>
        </test-case>
        <test-case start='1585309057135' status='passed' stop='1585309057632'>
            <name>Forgot password link present on the Login page</name>
            <title>Forgot password link present on the Login page</title>
            <labels/>
            <parameters/>
            <steps/>
            <attachments>
                <attachment title='Screenshot' source='479a1925-007d-43c5-bb38-770419735bb0-attachment.png' type='image/png' size='32543'/>
            </attachments>
        </test-case>
        <test-case start='1585309057633' status='passed' stop='1585309058038'>
            <name>Forgot Customer Number link the Login page</name>
            <title>Forgot Customer Number link the Login page</title>
            <labels/>
            <parameters/>
            <steps/>
            <attachments>
                <attachment title='Screenshot' source='fc3108b9-0f01-4d41-b134-6b8155880a74-attachment.png' type='image/png' size='32517'/>
            </attachments>
        </test-case>
        <test-case start='1585309058038' status='passed' stop='1585309058500'>
            <name>Verify Username labeling is preseet</name>
            <title>Verify Username labeling is preseet</title>
            <labels/>
            <parameters/>
            <steps/>
            <attachments>
                <attachment title='Screenshot' source='a0613abb-438b-430a-858d-61e0c19b9442-attachment.png' type='image/png' size='32517'/>
            </attachments>
        </test-case>
        <test-case start='1585309058500' status='passed' stop='1585309058999'>
            <name>Verify password label is present</name>
            <title>Verify password label is present</title>
            <labels/>
            <parameters/>
            <steps/>
            <attachments>
                <attachment title='Screenshot' source='1d453484-1525-477b-a414-5af3cffb0af2-attachment.png' type='image/png' size='32543'/>
            </attachments>
        </test-case>
        <test-case start='1585309058999' status='passed' stop='1585309059467'>
            <name>Verify Remember Me check box</name>
            <title>Verify Remember Me check box</title>
            <labels/>
            <parameters/>
            <steps/>
            <attachments>
                <attachment title='Screenshot' source='c3b11a1a-7fcd-4e1b-8e8b-46efccd5c501-attachment.png' type='image/png' size='32517'/>
            </attachments>
        </test-case>
        <test-case start='1585309059467' status='passed' stop='1585309059842'>
            <name>verify the title of the Page</name>
            <title>verify the title of the Page</title>
            <labels/>
            <parameters/>
            <steps/>
            <attachments>
                <attachment title='Screenshot' source='f94de479-fb4d-49cd-8353-bbb2677e83f9-attachment.png' type='image/png' size='32543'/>
            </attachments>
        </test-case>
        <test-case start='1585309059842' status='passed' stop='1585309060328'>
            <name>veriy all links present on page</name>
            <title>veriy all links present on page</title>
            <labels/>
            <parameters/>
            <steps/>
            <attachments>
                <attachment title='Screenshot' source='14a0893a-8caf-401c-95b0-3122d55f66da-attachment.png' type='image/png' size='32517'/>
            </attachments>
        </test-case>
        <test-case start='1585309060328' status='failed' stop='1585309136313'>
            <name>User Login successfully </name>
            <title>User Login successfully </title>
            <labels/>
            <parameters/>
            <steps/>
            <attachments/>
            <failure>
                <message>Error: Timeout - Async callback was not invoked within timeout specified by jasmine.DEFAULT_TIMEOUT_INTERVAL.</message>
                <stack-trace>Error: Timeout - Async callback was not invoked within timeout specified by jasmine.DEFAULT_TIMEOUT_INTERVAL.
                    at Timeout._onTimeout (C:\Users\NareshS\AppData\Roaming\npm\node_modules\protractor\node_modules\jasmine-core\lib\jasmine-core\jasmine.js:4281:23)
                    at listOnTimeout (internal/timers.js:531:17)
                    at processTimers (internal/timers.js:475:7)</stack-trace>
            </failure>
        </test-case>
    </test-cases>
</ns2:test-suite>