<?xml version='1.0'?>
<ns2:test-suite xmlns:ns2='urn:model.allure.qatools.yandex.ru' start='1585306319454' stop='1585306400685'>
    <name>Verify Login</name>
    <title>Verify Login</title>
    <test-cases>
        <test-case start='1585306319455' status='failed' stop='1585306345918'>
            <name>should login the user</name>
            <title>should login the user</title>
            <labels/>
            <parameters/>
            <steps/>
            <attachments>
                <attachment title='Screenshot' source='b47c67bf-6423-4521-814f-5fbe3fb0e930-attachment.png' type='image/png' size='32517'/>
            </attachments>
            <failure>
                <message>Error: Timeout - Async callback was not invoked within timeout specified by jasmine.DEFAULT_TIMEOUT_INTERVAL.</message>
                <stack-trace>Error: Timeout - Async callback was not invoked within timeout specified by jasmine.DEFAULT_TIMEOUT_INTERVAL.
                    at Timeout._onTimeout (C:\Users\NareshS\AppData\Roaming\npm\node_modules\protractor\node_modules\jasmine-core\lib\jasmine-core\jasmine.js:4281:23)
                    at listOnTimeout (internal/timers.js:531:17)
                    at processTimers (internal/timers.js:475:7)</stack-trace>
            </failure>
        </test-case>
        <test-case start='1585306345918' status='passed' stop='1585306346317'>
            <name>Verify Mars  written on Image on Login Page</name>
            <title>Verify Mars  written on Image on Login Page</title>
            <labels/>
            <parameters/>
            <steps/>
            <attachments>
                <attachment title='Screenshot' source='b75274e9-1dd5-4613-90d7-c5c355abdf78-attachment.png' type='image/png' size='32543'/>
            </attachments>
        </test-case>
        <test-case start='1585306346317' status='passed' stop='1585306346728'>
            <name>Verify Welcome Message on Login Page</name>
            <title>Verify Welcome Message on Login Page</title>
            <labels/>
            <parameters/>
            <steps/>
            <attachments>
                <attachment title='Screenshot' source='b3598d06-37fb-4d3c-98b8-7e0850226e16-attachment.png' type='image/png' size='32517'/>
            </attachments>
        </test-case>
        <test-case start='1585306346729' status='passed' stop='1585306347192'>
            <name>Forgot password link present on the Login page</name>
            <title>Forgot password link present on the Login page</title>
            <labels/>
            <parameters/>
            <steps/>
            <attachments>
                <attachment title='Screenshot' source='f0694759-a3c3-4e94-9dfe-55f2f1939a0e-attachment.png' type='image/png' size='32543'/>
            </attachments>
        </test-case>
        <test-case start='1585306347192' status='passed' stop='1585306347643'>
            <name>Forgot Customer Number link the Login page</name>
            <title>Forgot Customer Number link the Login page</title>
            <labels/>
            <parameters/>
            <steps/>
            <attachments>
                <attachment title='Screenshot' source='496f69f3-744d-4309-82f8-12b5af1cbd54-attachment.png' type='image/png' size='32517'/>
            </attachments>
        </test-case>
        <test-case start='1585306347644' status='passed' stop='1585306348054'>
            <name>Verify Username labeling is preseet</name>
            <title>Verify Username labeling is preseet</title>
            <labels/>
            <parameters/>
            <steps/>
            <attachments>
                <attachment title='Screenshot' source='b2723adf-7087-4b5c-87c3-67cd2ba750ac-attachment.png' type='image/png' size='32543'/>
            </attachments>
        </test-case>
        <test-case start='1585306348054' status='passed' stop='1585306348454'>
            <name>Verify password label is present</name>
            <title>Verify password label is present</title>
            <labels/>
            <parameters/>
            <steps/>
            <attachments>
                <attachment title='Screenshot' source='af43439d-b256-45ef-a11b-d768322fbbc2-attachment.png' type='image/png' size='32543'/>
            </attachments>
        </test-case>
        <test-case start='1585306348455' status='passed' stop='1585306348954'>
            <name>Verify Remember Me check box</name>
            <title>Verify Remember Me check box</title>
            <labels/>
            <parameters/>
            <steps/>
            <attachments>
                <attachment title='Screenshot' source='45ff8703-72d6-4fb8-836c-2463d88673a4-attachment.png' type='image/png' size='32517'/>
            </attachments>
        </test-case>
        <test-case start='1585306348954' status='passed' stop='1585306349333'>
            <name>verify the title of the Page</name>
            <title>verify the title of the Page</title>
            <labels/>
            <parameters/>
            <steps/>
            <attachments>
                <attachment title='Screenshot' source='9c10cc1f-09cb-4c53-b750-e678411767ba-attachment.png' type='image/png' size='32543'/>
            </attachments>
        </test-case>
        <test-case start='1585306349333' status='passed' stop='1585306349788'>
            <name>veriy all links present on page</name>
            <title>veriy all links present on page</title>
            <labels/>
            <parameters/>
            <steps/>
            <attachments>
                <attachment title='Screenshot' source='a6b19a4b-ddaa-4f96-89cb-4a2ed800f574-attachment.png' type='image/png' size='32517'/>
            </attachments>
        </test-case>
        <test-case start='1585306349788' status='failed' stop='1585306400668'>
            <name>User Login successfully </name>
            <title>User Login successfully </title>
            <labels/>
            <parameters/>
            <steps/>
            <attachments/>
            <failure>
                <message>Error: Timeout - Async callback was not invoked within timeout specified by jasmine.DEFAULT_TIMEOUT_INTERVAL.</message>
                <stack-trace>Error: Timeout - Async callback was not invoked within timeout specified by jasmine.DEFAULT_TIMEOUT_INTERVAL.
                    at Timeout._onTimeout (C:\Users\NareshS\AppData\Roaming\npm\node_modules\protractor\node_modules\jasmine-core\lib\jasmine-core\jasmine.js:4281:23)
                    at listOnTimeout (internal/timers.js:531:17)
                    at processTimers (internal/timers.js:475:7)</stack-trace>
            </failure>
        </test-case>
    </test-cases>
</ns2:test-suite>