<?xml version='1.0'?>
<ns2:test-suite xmlns:ns2='urn:model.allure.qatools.yandex.ru' start='1584686821664' stop='1584687124419'>
    <name>Verify Login</name>
    <title>Verify Login</title>
    <test-cases>
        <test-case start='1584686821664' status='failed' stop='1584686858403'>
            <name>should login the user</name>
            <title>should login the user</title>
            <labels/>
            <parameters/>
            <steps/>
            <attachments>
                <attachment title='Screenshot' source='90dfe1a8-51a1-41df-8337-5aa012762bce-attachment.png' type='image/png' size='25812'/>
            </attachments>
            <failure>
                <message>Error: Timeout - Async callback was not invoked within timeout specified by jasmine.DEFAULT_TIMEOUT_INTERVAL.</message>
                <stack-trace>Error: Timeout - Async callback was not invoked within timeout specified by jasmine.DEFAULT_TIMEOUT_INTERVAL.
                    at Timeout._onTimeout (C:\Users\NareshS\AppData\Roaming\npm\node_modules\protractor\node_modules\jasmine-core\lib\jasmine-core\jasmine.js:4281:23)
                    at listOnTimeout (internal/timers.js:531:17)
                    at processTimers (internal/timers.js:475:7)</stack-trace>
            </failure>
        </test-case>
        <test-case start='1584686858403' status='passed' stop='1584686860077'>
            <name>Verify Mars  written on Image on Login Page</name>
            <title>Verify Mars  written on Image on Login Page</title>
            <labels/>
            <parameters/>
            <steps/>
            <attachments>
                <attachment title='Screenshot' source='ff29ffe5-1457-4392-8164-b1288a78f74f-attachment.png' type='image/png' size='32543'/>
            </attachments>
        </test-case>
        <test-case start='1584686860077' status='passed' stop='1584686860507'>
            <name>Verify Welcome Message on Login Page</name>
            <title>Verify Welcome Message on Login Page</title>
            <labels/>
            <parameters/>
            <steps/>
            <attachments>
                <attachment title='Screenshot' source='a9b402be-4a6c-4c2d-b14e-c36f1f183300-attachment.png' type='image/png' size='32517'/>
            </attachments>
        </test-case>
        <test-case start='1584686860507' status='passed' stop='1584686860921'>
            <name>Forgot password link present on the Login page</name>
            <title>Forgot password link present on the Login page</title>
            <labels/>
            <parameters/>
            <steps/>
            <attachments>
                <attachment title='Screenshot' source='93edc45f-2c10-49ad-93eb-2d5fac224952-attachment.png' type='image/png' size='32543'/>
            </attachments>
        </test-case>
        <test-case start='1584686860921' status='passed' stop='1584686861278'>
            <name>Forgot Customer Number link the Login page</name>
            <title>Forgot Customer Number link the Login page</title>
            <labels/>
            <parameters/>
            <steps/>
            <attachments>
                <attachment title='Screenshot' source='1c4f4e72-cf22-4621-945e-e45cd3b5bf78-attachment.png' type='image/png' size='32517'/>
            </attachments>
        </test-case>
        <test-case start='1584686861278' status='passed' stop='1584686861658'>
            <name>Verify Username labeling is preseet</name>
            <title>Verify Username labeling is preseet</title>
            <labels/>
            <parameters/>
            <steps/>
            <attachments>
                <attachment title='Screenshot' source='61560677-9484-4f83-9e30-6c8de322952b-attachment.png' type='image/png' size='32517'/>
            </attachments>
        </test-case>
        <test-case start='1584686861658' status='passed' stop='1584686862044'>
            <name>Verify password label is present</name>
            <title>Verify password label is present</title>
            <labels/>
            <parameters/>
            <steps/>
            <attachments>
                <attachment title='Screenshot' source='03dfca26-b372-429a-ab10-50e17b887636-attachment.png' type='image/png' size='32543'/>
            </attachments>
        </test-case>
        <test-case start='1584686862044' status='passed' stop='1584686862456'>
            <name>Verify Remember Me check box</name>
            <title>Verify Remember Me check box</title>
            <labels/>
            <parameters/>
            <steps/>
            <attachments>
                <attachment title='Screenshot' source='4aed64e1-fd97-4544-ab4e-693686613caf-attachment.png' type='image/png' size='32517'/>
            </attachments>
        </test-case>
        <test-case start='1584686862456' status='passed' stop='1584686862818'>
            <name>verify the title of the Page</name>
            <title>verify the title of the Page</title>
            <labels/>
            <parameters/>
            <steps/>
            <attachments>
                <attachment title='Screenshot' source='d500cde3-80fb-4df0-85e4-0a547c1b7056-attachment.png' type='image/png' size='32517'/>
            </attachments>
        </test-case>
        <test-case start='1584686862818' status='passed' stop='1584686863202'>
            <name>veriy all links present on page</name>
            <title>veriy all links present on page</title>
            <labels/>
            <parameters/>
            <steps/>
            <attachments>
                <attachment title='Screenshot' source='0d1d1923-f952-45a1-b00f-f5128f926c12-attachment.png' type='image/png' size='32543'/>
            </attachments>
        </test-case>
        <test-case start='1584686863202' status='failed' stop='1584687124418'>
            <name>User Login successfully </name>
            <title>User Login successfully </title>
            <labels/>
            <parameters/>
            <steps/>
            <attachments>
                <attachment title='Screenshot' source='247f3459-b0a9-4733-be98-d5e2d9d204eb-attachment.png' type='image/png' size='196597'/>
            </attachments>
            <failure>
                <message>Error: Timeout - Async callback was not invoked within timeout specified by jasmine.DEFAULT_TIMEOUT_INTERVAL.</message>
                <stack-trace>Error: Timeout - Async callback was not invoked within timeout specified by jasmine.DEFAULT_TIMEOUT_INTERVAL.
                    at Timeout._onTimeout (C:\Users\NareshS\AppData\Roaming\npm\node_modules\protractor\node_modules\jasmine-core\lib\jasmine-core\jasmine.js:4281:23)
                    at listOnTimeout (internal/timers.js:531:17)
                    at processTimers (internal/timers.js:475:7)</stack-trace>
            </failure>
        </test-case>
    </test-cases>
</ns2:test-suite>